
7-Zip [64] 16.02 : Copyright (c) 1999-2016 Igor Pavlov : 2016-05-21
p7zip Version 16.02 (locale=en_US.UTF-8,Utf16=on,HugeFiles=on,64 bits,12 CPUs Intel(R) Core(TM) i7-8750H CPU @ 2.20GHz (906EA),ASM,AES-NI)

Open archive: output/screw_simplified_new_512normal.7z
--
Path = output/screw_simplified_new_512normal.7z
Type = 7z
Physical Size = 203692
Headers Size = 186
Method = LZMA2:24
Solid = -
Blocks = 1

Scanning the drive:
1 file, 33554432 bytes (32 MiB)

Updating archive: output/screw_simplified_new_512normal.7z

Items to compress: 1


Files read from disk: 1
Archive size: 203692 bytes (199 KiB)
Everything is Ok

7-Zip [64] 16.02 : Copyright (c) 1999-2016 Igor Pavlov : 2016-05-21
p7zip Version 16.02 (locale=en_US.UTF-8,Utf16=on,HugeFiles=on,64 bits,12 CPUs Intel(R) Core(TM) i7-8750H CPU @ 2.20GHz (906EA),ASM,AES-NI)

Open archive: output/screw_simplified_new_126rle_n_8.7z
--
Path = output/screw_simplified_new_126rle_n_8.7z
Type = 7z
Physical Size = 7234
Headers Size = 194
Method = LZMA2:48k
Solid = -
Blocks = 1

Scanning the drive:
1 file, 43691 bytes (43 KiB)

Updating archive: output/screw_simplified_new_126rle_n_8.7z

Items to compress: 1


Files read from disk: 1
Archive size: 7234 bytes (8 KiB)
Everything is Ok

7-Zip [64] 16.02 : Copyright (c) 1999-2016 Igor Pavlov : 2016-05-21
p7zip Version 16.02 (locale=en_US.UTF-8,Utf16=on,HugeFiles=on,64 bits,12 CPUs Intel(R) Core(TM) i7-8750H CPU @ 2.20GHz (906EA),ASM,AES-NI)

Open archive: output/screw_simplified_new_126normal.7z
--
Path = output/screw_simplified_new_126normal.7z
Type = 7z
Physical Size = 9810
Headers Size = 186
Method = LZMA2:19
Solid = -
Blocks = 1

Scanning the drive:
1 file, 500094 bytes (489 KiB)

Updating archive: output/screw_simplified_new_126normal.7z

Items to compress: 1


Files read from disk: 1
Archive size: 9810 bytes (10 KiB)
Everything is Ok

7-Zip [64] 16.02 : Copyright (c) 1999-2016 Igor Pavlov : 2016-05-21
p7zip Version 16.02 (locale=en_US.UTF-8,Utf16=on,HugeFiles=on,64 bits,12 CPUs Intel(R) Core(TM) i7-8750H CPU @ 2.20GHz (906EA),ASM,AES-NI)

Open archive: output/chinese_coin_simplified_new_126rle_n_16.7z
--
Path = output/chinese_coin_simplified_new_126rle_n_16.7z
Type = 7z
Physical Size = 5925
Headers Size = 210
Method = LZMA2:24k
Solid = -
Blocks = 1

Scanning the drive:
1 file, 17944 bytes (18 KiB)

Updating archive: output/chinese_coin_simplified_new_126rle_n_16.7z

Items to compress: 1


Files read from disk: 1
Archive size: 5925 bytes (6 KiB)
Everything is Ok

7-Zip [64] 16.02 : Copyright (c) 1999-2016 Igor Pavlov : 2016-05-21
p7zip Version 16.02 (locale=en_US.UTF-8,Utf16=on,HugeFiles=on,64 bits,12 CPUs Intel(R) Core(TM) i7-8750H CPU @ 2.20GHz (906EA),ASM,AES-NI)

Open archive: output/chinese_coin_simplified_new_256rle_a_8.7z
--
Path = output/chinese_coin_simplified_new_256rle_a_8.7z
Type = 7z
Physical Size = 32435
Headers Size = 202
Method = LZMA2:18
Solid = -
Blocks = 1

Scanning the drive:
1 file, 220260 bytes (216 KiB)

Updating archive: output/chinese_coin_simplified_new_256rle_a_8.7z

Items to compress: 1


Files read from disk: 1
Archive size: 32435 bytes (32 KiB)
Everything is Ok

7-Zip [64] 16.02 : Copyright (c) 1999-2016 Igor Pavlov : 2016-05-21
p7zip Version 16.02 (locale=en_US.UTF-8,Utf16=on,HugeFiles=on,64 bits,12 CPUs Intel(R) Core(TM) i7-8750H CPU @ 2.20GHz (906EA),ASM,AES-NI)

Open archive: output/chinese_coin_simplified_new_126rle_a_16.7z
--
Path = output/chinese_coin_simplified_new_126rle_a_16.7z
Type = 7z
Physical Size = 8155
Headers Size = 210
Method = LZMA2:96k
Solid = -
Blocks = 1

Scanning the drive:
1 file, 75136 bytes (74 KiB)

Updating archive: output/chinese_coin_simplified_new_126rle_a_16.7z

Items to compress: 1


Files read from disk: 1
Archive size: 8155 bytes (8 KiB)
Everything is Ok

7-Zip [64] 16.02 : Copyright (c) 1999-2016 Igor Pavlov : 2016-05-21
p7zip Version 16.02 (locale=en_US.UTF-8,Utf16=on,HugeFiles=on,64 bits,12 CPUs Intel(R) Core(TM) i7-8750H CPU @ 2.20GHz (906EA),ASM,AES-NI)

Open archive: output/screw_simplified_new_512rle_n_8.7z
--
Path = output/screw_simplified_new_512rle_n_8.7z
Type = 7z
Physical Size = 126139
Headers Size = 194
Method = LZMA2:3m
Solid = -
Blocks = 1

Scanning the drive:
1 file, 2292894 bytes (2240 KiB)

Updating archive: output/screw_simplified_new_512rle_n_8.7z

Items to compress: 1


Files read from disk: 1
Archive size: 126139 bytes (124 KiB)
Everything is Ok

7-Zip [64] 16.02 : Copyright (c) 1999-2016 Igor Pavlov : 2016-05-21
p7zip Version 16.02 (locale=en_US.UTF-8,Utf16=on,HugeFiles=on,64 bits,12 CPUs Intel(R) Core(TM) i7-8750H CPU @ 2.20GHz (906EA),ASM,AES-NI)

Open archive: output/screw_simplified_new_256rle_n_8.7z
--
Path = output/screw_simplified_new_256rle_n_8.7z
Type = 7z
Physical Size = 29991
Headers Size = 194
Method = LZMA2:384k
Solid = -
Blocks = 1

Scanning the drive:
1 file, 311301 bytes (305 KiB)

Updating archive: output/screw_simplified_new_256rle_n_8.7z

Items to compress: 1


Files read from disk: 1
Archive size: 29991 bytes (30 KiB)
Everything is Ok

7-Zip [64] 16.02 : Copyright (c) 1999-2016 Igor Pavlov : 2016-05-21
p7zip Version 16.02 (locale=en_US.UTF-8,Utf16=on,HugeFiles=on,64 bits,12 CPUs Intel(R) Core(TM) i7-8750H CPU @ 2.20GHz (906EA),ASM,AES-NI)

Open archive: output/screw_simplified_new_126rle_n_16.7z
--
Path = output/screw_simplified_new_126rle_n_16.7z
Type = 7z
Physical Size = 6659
Headers Size = 194
Method = LZMA2:48k
Solid = -
Blocks = 1

Scanning the drive:
1 file, 33428 bytes (33 KiB)

Updating archive: output/screw_simplified_new_126rle_n_16.7z

Items to compress: 1


Files read from disk: 1
Archive size: 6659 bytes (7 KiB)
Everything is Ok

7-Zip [64] 16.02 : Copyright (c) 1999-2016 Igor Pavlov : 2016-05-21
p7zip Version 16.02 (locale=en_US.UTF-8,Utf16=on,HugeFiles=on,64 bits,12 CPUs Intel(R) Core(TM) i7-8750H CPU @ 2.20GHz (906EA),ASM,AES-NI)

Open archive: output/chinese_coin_simplified_new_256rle_a_16.7z
--
Path = output/chinese_coin_simplified_new_256rle_a_16.7z
Type = 7z
Physical Size = 34138
Headers Size = 210
Method = LZMA2:384k
Solid = -
Blocks = 1

Scanning the drive:
1 file, 320896 bytes (314 KiB)

Updating archive: output/chinese_coin_simplified_new_256rle_a_16.7z

Items to compress: 1


Files read from disk: 1
Archive size: 34138 bytes (34 KiB)
Everything is Ok

7-Zip [64] 16.02 : Copyright (c) 1999-2016 Igor Pavlov : 2016-05-21
p7zip Version 16.02 (locale=en_US.UTF-8,Utf16=on,HugeFiles=on,64 bits,12 CPUs Intel(R) Core(TM) i7-8750H CPU @ 2.20GHz (906EA),ASM,AES-NI)

Open archive: output/screw_simplified_new_256rle_a_16.7z
--
Path = output/screw_simplified_new_256rle_a_16.7z
Type = 7z
Physical Size = 34117
Headers Size = 194
Method = LZMA2:384k
Solid = -
Blocks = 1

Scanning the drive:
1 file, 326524 bytes (319 KiB)

Updating archive: output/screw_simplified_new_256rle_a_16.7z

Items to compress: 1


Files read from disk: 1
Archive size: 34117 bytes (34 KiB)
Everything is Ok

7-Zip [64] 16.02 : Copyright (c) 1999-2016 Igor Pavlov : 2016-05-21
p7zip Version 16.02 (locale=en_US.UTF-8,Utf16=on,HugeFiles=on,64 bits,12 CPUs Intel(R) Core(TM) i7-8750H CPU @ 2.20GHz (906EA),ASM,AES-NI)

Open archive: output/chinese_coin_simplified_new_256rle_n_8.7z
--
Path = output/chinese_coin_simplified_new_256rle_n_8.7z
Type = 7z
Physical Size = 26726
Headers Size = 202
Method = LZMA2:384k
Solid = -
Blocks = 1

Scanning the drive:
1 file, 291378 bytes (285 KiB)

Updating archive: output/chinese_coin_simplified_new_256rle_n_8.7z

Items to compress: 1


Files read from disk: 1
Archive size: 26726 bytes (27 KiB)
Everything is Ok

7-Zip [64] 16.02 : Copyright (c) 1999-2016 Igor Pavlov : 2016-05-21
p7zip Version 16.02 (locale=en_US.UTF-8,Utf16=on,HugeFiles=on,64 bits,12 CPUs Intel(R) Core(TM) i7-8750H CPU @ 2.20GHz (906EA),ASM,AES-NI)

Open archive: output/chinese_coin_simplified_new_512rle_a_8.7z
--
Path = output/chinese_coin_simplified_new_512rle_a_8.7z
Type = 7z
Physical Size = 134764
Headers Size = 202
Method = LZMA2:1536k
Solid = -
Blocks = 1

Scanning the drive:
1 file, 1179998 bytes (1153 KiB)

Updating archive: output/chinese_coin_simplified_new_512rle_a_8.7z

Items to compress: 1


Files read from disk: 1
Archive size: 134764 bytes (132 KiB)
Everything is Ok

7-Zip [64] 16.02 : Copyright (c) 1999-2016 Igor Pavlov : 2016-05-21
p7zip Version 16.02 (locale=en_US.UTF-8,Utf16=on,HugeFiles=on,64 bits,12 CPUs Intel(R) Core(TM) i7-8750H CPU @ 2.20GHz (906EA),ASM,AES-NI)

Open archive: output/screw_simplified_new_126rle_a_16.7z
--
Path = output/screw_simplified_new_126rle_a_16.7z
Type = 7z
Physical Size = 8248
Headers Size = 194
Method = LZMA2:96k
Solid = -
Blocks = 1

Scanning the drive:
1 file, 71988 bytes (71 KiB)

Updating archive: output/screw_simplified_new_126rle_a_16.7z

Items to compress: 1


Files read from disk: 1
Archive size: 8248 bytes (9 KiB)
Everything is Ok

7-Zip [64] 16.02 : Copyright (c) 1999-2016 Igor Pavlov : 2016-05-21
p7zip Version 16.02 (locale=en_US.UTF-8,Utf16=on,HugeFiles=on,64 bits,12 CPUs Intel(R) Core(TM) i7-8750H CPU @ 2.20GHz (906EA),ASM,AES-NI)

Open archive: output/chinese_coin_simplified_new_256normal.7z
--
Path = output/chinese_coin_simplified_new_256normal.7z
Type = 7z
Physical Size = 35550
Headers Size = 202
Method = LZMA2:22
Solid = -
Blocks = 1

Scanning the drive:
1 file, 4194304 bytes (4096 KiB)

Updating archive: output/chinese_coin_simplified_new_256normal.7z

Items to compress: 1


Files read from disk: 1
Archive size: 35550 bytes (35 KiB)
Everything is Ok

7-Zip [64] 16.02 : Copyright (c) 1999-2016 Igor Pavlov : 2016-05-21
p7zip Version 16.02 (locale=en_US.UTF-8,Utf16=on,HugeFiles=on,64 bits,12 CPUs Intel(R) Core(TM) i7-8750H CPU @ 2.20GHz (906EA),ASM,AES-NI)

Open archive: output/screw_simplified_new_126rle_a_8.7z
--
Path = output/screw_simplified_new_126rle_a_8.7z
Type = 7z
Physical Size = 8134
Headers Size = 194
Method = LZMA2:48k
Solid = -
Blocks = 1

Scanning the drive:
1 file, 41654 bytes (41 KiB)

Updating archive: output/screw_simplified_new_126rle_a_8.7z

Items to compress: 1


Files read from disk: 1
Archive size: 8134 bytes (8 KiB)
Everything is Ok

7-Zip [64] 16.02 : Copyright (c) 1999-2016 Igor Pavlov : 2016-05-21
p7zip Version 16.02 (locale=en_US.UTF-8,Utf16=on,HugeFiles=on,64 bits,12 CPUs Intel(R) Core(TM) i7-8750H CPU @ 2.20GHz (906EA),ASM,AES-NI)

Open archive: output/screw_simplified_new_512rle_a_8.7z
--
Path = output/screw_simplified_new_512rle_a_8.7z
Type = 7z
Physical Size = 137960
Headers Size = 194
Method = LZMA2:1536k
Solid = -
Blocks = 1

Scanning the drive:
1 file, 1220882 bytes (1193 KiB)

Updating archive: output/screw_simplified_new_512rle_a_8.7z

Items to compress: 1


Files read from disk: 1
Archive size: 137960 bytes (135 KiB)
Everything is Ok

7-Zip [64] 16.02 : Copyright (c) 1999-2016 Igor Pavlov : 2016-05-21
p7zip Version 16.02 (locale=en_US.UTF-8,Utf16=on,HugeFiles=on,64 bits,12 CPUs Intel(R) Core(TM) i7-8750H CPU @ 2.20GHz (906EA),ASM,AES-NI)

Open archive: output/screw_simplified_new_256normal.7z
--
Path = output/screw_simplified_new_256normal.7z
Type = 7z
Physical Size = 44253
Headers Size = 186
Method = LZMA2:22
Solid = -
Blocks = 1

Scanning the drive:
1 file, 4194304 bytes (4096 KiB)

Updating archive: output/screw_simplified_new_256normal.7z

Items to compress: 1


Files read from disk: 1
Archive size: 44253 bytes (44 KiB)
Everything is Ok

7-Zip [64] 16.02 : Copyright (c) 1999-2016 Igor Pavlov : 2016-05-21
p7zip Version 16.02 (locale=en_US.UTF-8,Utf16=on,HugeFiles=on,64 bits,12 CPUs Intel(R) Core(TM) i7-8750H CPU @ 2.20GHz (906EA),ASM,AES-NI)

Open archive: output/chinese_coin_simplified_new_126normal.7z
--
Path = output/chinese_coin_simplified_new_126normal.7z
Type = 7z
Physical Size = 7261
Headers Size = 202
Method = LZMA2:19
Solid = -
Blocks = 1

Scanning the drive:
1 file, 500094 bytes (489 KiB)

Updating archive: output/chinese_coin_simplified_new_126normal.7z

Items to compress: 1


Files read from disk: 1
Archive size: 7261 bytes (8 KiB)
Everything is Ok

7-Zip [64] 16.02 : Copyright (c) 1999-2016 Igor Pavlov : 2016-05-21
p7zip Version 16.02 (locale=en_US.UTF-8,Utf16=on,HugeFiles=on,64 bits,12 CPUs Intel(R) Core(TM) i7-8750H CPU @ 2.20GHz (906EA),ASM,AES-NI)

Open archive: output/screw_simplified_new_256rle_a_8.7z
--
Path = output/screw_simplified_new_256rle_a_8.7z
Type = 7z
Physical Size = 33320
Headers Size = 194
Method = LZMA2:18
Solid = -
Blocks = 1

Scanning the drive:
1 file, 211571 bytes (207 KiB)

Updating archive: output/screw_simplified_new_256rle_a_8.7z

Items to compress: 1


Files read from disk: 1
Archive size: 33320 bytes (33 KiB)
Everything is Ok

7-Zip [64] 16.02 : Copyright (c) 1999-2016 Igor Pavlov : 2016-05-21
p7zip Version 16.02 (locale=en_US.UTF-8,Utf16=on,HugeFiles=on,64 bits,12 CPUs Intel(R) Core(TM) i7-8750H CPU @ 2.20GHz (906EA),ASM,AES-NI)

Open archive: output/chinese_coin_simplified_new_512rle_n_8.7z
--
Path = output/chinese_coin_simplified_new_512rle_n_8.7z
Type = 7z
Physical Size = 109437
Headers Size = 202
Method = LZMA2:3m
Solid = -
Blocks = 1

Scanning the drive:
1 file, 2211445 bytes (2160 KiB)

Updating archive: output/chinese_coin_simplified_new_512rle_n_8.7z

Items to compress: 1


Files read from disk: 1
Archive size: 109437 bytes (107 KiB)
Everything is Ok

7-Zip [64] 16.02 : Copyright (c) 1999-2016 Igor Pavlov : 2016-05-21
p7zip Version 16.02 (locale=en_US.UTF-8,Utf16=on,HugeFiles=on,64 bits,12 CPUs Intel(R) Core(TM) i7-8750H CPU @ 2.20GHz (906EA),ASM,AES-NI)

Open archive: output/chinese_coin_simplified_new_512rle_n_16.7z
--
Path = output/chinese_coin_simplified_new_512rle_n_16.7z
Type = 7z
Physical Size = 85439
Headers Size = 210
Method = LZMA2:384k
Solid = -
Blocks = 1

Scanning the drive:
1 file, 331402 bytes (324 KiB)

Updating archive: output/chinese_coin_simplified_new_512rle_n_16.7z

Items to compress: 1


Files read from disk: 1
Archive size: 85439 bytes (84 KiB)
Everything is Ok

7-Zip [64] 16.02 : Copyright (c) 1999-2016 Igor Pavlov : 2016-05-21
p7zip Version 16.02 (locale=en_US.UTF-8,Utf16=on,HugeFiles=on,64 bits,12 CPUs Intel(R) Core(TM) i7-8750H CPU @ 2.20GHz (906EA),ASM,AES-NI)

Open archive: output/screw_simplified_new_256rle_n_16.7z
--
Path = output/screw_simplified_new_256rle_n_16.7z
Type = 7z
Physical Size = 25734
Headers Size = 194
Method = LZMA2:192k
Solid = -
Blocks = 1

Scanning the drive:
1 file, 139358 bytes (137 KiB)

Updating archive: output/screw_simplified_new_256rle_n_16.7z

Items to compress: 1


Files read from disk: 1
Archive size: 25734 bytes (26 KiB)
Everything is Ok

7-Zip [64] 16.02 : Copyright (c) 1999-2016 Igor Pavlov : 2016-05-21
p7zip Version 16.02 (locale=en_US.UTF-8,Utf16=on,HugeFiles=on,64 bits,12 CPUs Intel(R) Core(TM) i7-8750H CPU @ 2.20GHz (906EA),ASM,AES-NI)

Open archive: output/chinese_coin_simplified_new_512rle_a_16.7z
--
Path = output/chinese_coin_simplified_new_512rle_a_16.7z
Type = 7z
Physical Size = 147985
Headers Size = 210
Method = LZMA2:1536k
Solid = -
Blocks = 1

Scanning the drive:
1 file, 1359950 bytes (1329 KiB)

Updating archive: output/chinese_coin_simplified_new_512rle_a_16.7z

Items to compress: 1


Files read from disk: 1
Archive size: 147985 bytes (145 KiB)
Everything is Ok

7-Zip [64] 16.02 : Copyright (c) 1999-2016 Igor Pavlov : 2016-05-21
p7zip Version 16.02 (locale=en_US.UTF-8,Utf16=on,HugeFiles=on,64 bits,12 CPUs Intel(R) Core(TM) i7-8750H CPU @ 2.20GHz (906EA),ASM,AES-NI)

Open archive: output/screw_simplified_new_512rle_n_16.7z
--
Path = output/screw_simplified_new_512rle_n_16.7z
Type = 7z
Physical Size = 99654
Headers Size = 194
Method = LZMA2:768k
Solid = -
Blocks = 1

Scanning the drive:
1 file, 564858 bytes (552 KiB)

Updating archive: output/screw_simplified_new_512rle_n_16.7z

Items to compress: 1


Files read from disk: 1
Archive size: 99654 bytes (98 KiB)
Everything is Ok

7-Zip [64] 16.02 : Copyright (c) 1999-2016 Igor Pavlov : 2016-05-21
p7zip Version 16.02 (locale=en_US.UTF-8,Utf16=on,HugeFiles=on,64 bits,12 CPUs Intel(R) Core(TM) i7-8750H CPU @ 2.20GHz (906EA),ASM,AES-NI)

Open archive: output/chinese_coin_simplified_new_512normal.7z
--
Path = output/chinese_coin_simplified_new_512normal.7z
Type = 7z
Physical Size = 158095
Headers Size = 202
Method = LZMA2:24
Solid = -
Blocks = 1

Scanning the drive:
1 file, 33554432 bytes (32 MiB)

Updating archive: output/chinese_coin_simplified_new_512normal.7z

Items to compress: 1


Files read from disk: 1
Archive size: 158095 bytes (155 KiB)
Everything is Ok

7-Zip [64] 16.02 : Copyright (c) 1999-2016 Igor Pavlov : 2016-05-21
p7zip Version 16.02 (locale=en_US.UTF-8,Utf16=on,HugeFiles=on,64 bits,12 CPUs Intel(R) Core(TM) i7-8750H CPU @ 2.20GHz (906EA),ASM,AES-NI)

Open archive: output/chinese_coin_simplified_new_126rle_n_8.7z
--
Path = output/chinese_coin_simplified_new_126rle_n_8.7z
Type = 7z
Physical Size = 6484
Headers Size = 202
Method = LZMA2:48k
Solid = -
Blocks = 1

Scanning the drive:
1 file, 38271 bytes (38 KiB)

Updating archive: output/chinese_coin_simplified_new_126rle_n_8.7z

Items to compress: 1


Files read from disk: 1
Archive size: 6484 bytes (7 KiB)
Everything is Ok

7-Zip [64] 16.02 : Copyright (c) 1999-2016 Igor Pavlov : 2016-05-21
p7zip Version 16.02 (locale=en_US.UTF-8,Utf16=on,HugeFiles=on,64 bits,12 CPUs Intel(R) Core(TM) i7-8750H CPU @ 2.20GHz (906EA),ASM,AES-NI)

Open archive: output/screw_simplified_new_512rle_a_16.7z
--
Path = output/screw_simplified_new_512rle_a_16.7z
Type = 7z
Physical Size = 147739
Headers Size = 194
Method = LZMA2:1536k
Solid = -
Blocks = 1

Scanning the drive:
1 file, 1528132 bytes (1493 KiB)

Updating archive: output/screw_simplified_new_512rle_a_16.7z

Items to compress: 1


Files read from disk: 1
Archive size: 147739 bytes (145 KiB)
Everything is Ok

7-Zip [64] 16.02 : Copyright (c) 1999-2016 Igor Pavlov : 2016-05-21
p7zip Version 16.02 (locale=en_US.UTF-8,Utf16=on,HugeFiles=on,64 bits,12 CPUs Intel(R) Core(TM) i7-8750H CPU @ 2.20GHz (906EA),ASM,AES-NI)

Open archive: output/chinese_coin_simplified_new_126rle_a_8.7z
--
Path = output/chinese_coin_simplified_new_126rle_a_8.7z
Type = 7z
Physical Size = 7816
Headers Size = 202
Method = LZMA2:48k
Solid = -
Blocks = 1

Scanning the drive:
1 file, 44646 bytes (44 KiB)

Updating archive: output/chinese_coin_simplified_new_126rle_a_8.7z

Items to compress: 1


Files read from disk: 1
Archive size: 7816 bytes (8 KiB)
Everything is Ok

7-Zip [64] 16.02 : Copyright (c) 1999-2016 Igor Pavlov : 2016-05-21
p7zip Version 16.02 (locale=en_US.UTF-8,Utf16=on,HugeFiles=on,64 bits,12 CPUs Intel(R) Core(TM) i7-8750H CPU @ 2.20GHz (906EA),ASM,AES-NI)

Open archive: output/chinese_coin_simplified_new_256rle_n_16.7z
--
Path = output/chinese_coin_simplified_new_256rle_n_16.7z
Type = 7z
Physical Size = 22679
Headers Size = 210
Method = LZMA2:96k
Solid = -
Blocks = 1

Scanning the drive:
1 file, 79310 bytes (78 KiB)

Updating archive: output/chinese_coin_simplified_new_256rle_n_16.7z

Items to compress: 1


Files read from disk: 1
Archive size: 22679 bytes (23 KiB)
Everything is Ok
